<?xml version="1.0" encoding="UTF-8"?>
<testsuite xmlns:xsi="http://www.w3.org/2001/XMLSchema-instance" xsi:noNamespaceSchemaLocation="https://maven.apache.org/surefire/maven-surefire-plugin/xsd/surefire-test-report-3.0.xsd" version="3.0" name="com.sqs.microservice.receiver.domain.dto.OrderRequestTest" time="0.347" tests="3" errors="0" skipped="0" failures="0">
  <properties>
[...]
</properties>
  <testcase name="testOrderRequestDeserialization" classname="com.sqs.microservice.receiver.domain.dto.OrderRequestTest" time="0.147">
    <system-out><![CDATA[2024-11-30T15:23:06.178-03:00  INFO 19724 --- [receiver] [           main] t.c.s.AnnotationConfigContextLoaderUtils : Could not detect default configuration classes for test class [com.sqs.microservice.receiver.domain.dto.OrderRequestTest]: OrderRequestTest does not declare any static, non-private, non-final, nested classes annotated with @Configuration.
2024-11-30T15:23:06.195-03:00  INFO 19724 --- [receiver] [           main] .b.t.c.SpringBootTestContextBootstrapper : Found @SpringBootConfiguration com.sqs.microservice.receiver.ReceiverApplication for test class com.sqs.microservice.receiver.domain.dto.OrderRequestTest
]]></system-out>
  </testcase>
  <testcase name="testOrderRequestValidation_EmptyProductList" classname="com.sqs.microservice.receiver.domain.dto.OrderRequestTest" time="0.125"/>
  <testcase name="testOrderRequestValidation_Valid" classname="com.sqs.microservice.receiver.domain.dto.OrderRequestTest" time="0.048"/>
</testsuite>